# JRE version: OpenJDK Runtime Environment Temurin-17.0.13+11 (17.0.13+11) (build 17.0.13+11)
# Java VM: OpenJDK 64-Bit Server VM Temurin-17.0.13+11 (17.0.13+11, mixed mode, tiered, compressed oops, compressed class ptrs, parallel gc, windows-amd64)
GC Precious Log:
 CPUs: 16 total, 16 available
 Memory: 32553M
 Large Page Support: Disabled
 NUMA Support: Disabled
 Compressed Oops: Enabled (32-bit)
 Alignments: Space 512K, Generation 512K, Heap 2M
 Heap Min Capacity: 100M
 Heap Initial Capacity: 100M
 Heap Max Capacity: 1G
 Pre-touch: Disabled
 Parallel Workers: 13
Heap:
 PSYoungGen      total 4096K, used 3675K [0x00000000eab00000, 0x00000000eb200000, 0x0000000100000000)
  eden space 3072K, 90% used [0x00000000eab00000,0x00000000eadb6d80,0x00000000eae00000)
  from space 1024K, 87% used [0x00000000eb080000,0x00000000eb160000,0x00000000eb180000)
  to   space 512K, 0% used [0x00000000eb180000,0x00000000eb180000,0x00000000eb200000)
 ParOldGen       total 96768K, used 94698K [0x00000000c0000000, 0x00000000c5e80000, 0x00000000eab00000)
  object space 96768K, 97% used [0x00000000c0000000,0x00000000c5c7a9a8,0x00000000c5e80000)
 Metaspace       used 63915K, committed 65088K, reserved 1114112K
  class space    used 6761K, committed 7296K, reserved 1048576K
GC Heap History (20 events):
Event: 30.250 GC heap before
{Heap before GC invocations=55 (full 4):
 PSYoungGen      total 8704K, used 8696K [0x00000000eab00000, 0x00000000ebe00000, 0x0000000100000000)
  eden space 4096K, 100% used [0x00000000eab00000,0x00000000eaf00000,0x00000000eaf00000)
  from space 4608K, 99% used [0x00000000eb580000,0x00000000eb9fe230,0x00000000eba00000)
  to   space 6656K, 0% used [0x00000000eaf00000,0x00000000eaf00000,0x00000000eb580000)
 ParOldGen       total 96768K, used 80671K [0x00000000c0000000, 0x00000000c5e80000, 0x00000000eab00000)
  object space 96768K, 83% used [0x00000000c0000000,0x00000000c4ec7f08,0x00000000c5e80000)
 Metaspace       used 63640K, committed 64768K, reserved 1114112K
  class space    used 6752K, committed 7232K, reserved 1048576K
}
Event: 30.257 GC heap after
{Heap after GC invocations=55 (full 4):
 PSYoungGen      total 9728K, used 5127K [0x00000000eab00000, 0x00000000eba00000, 0x0000000100000000)
  eden space 4096K, 0% used [0x00000000eab00000,0x00000000eab00000,0x00000000eaf00000)
  from space 5632K, 91% used [0x00000000eaf00000,0x00000000eb401dc0,0x00000000eb480000)
  to   space 5632K, 0% used [0x00000000eb480000,0x00000000eb480000,0x00000000eba00000)
 ParOldGen       total 96768K, used 82535K [0x00000000c0000000, 0x00000000c5e80000, 0x00000000eab00000)
  object space 96768K, 85% used [0x00000000c0000000,0x00000000c5099e90,0x00000000c5e80000)
 Metaspace       used 63640K, committed 64768K, reserved 1114112K
  class space    used 6752K, committed 7232K, reserved 1048576K
}
Event: 30.342 GC heap before
{Heap before GC invocations=56 (full 4):
 PSYoungGen      total 9728K, used 9180K [0x00000000eab00000, 0x00000000eba00000, 0x0000000100000000)
  eden space 4096K, 98% used [0x00000000eab00000,0x00000000eaef5618,0x00000000eaf00000)
  from space 5632K, 91% used [0x00000000eaf00000,0x00000000eb401dc0,0x00000000eb480000)
  to   space 5632K, 0% used [0x00000000eb480000,0x00000000eb480000,0x00000000eba00000)
 ParOldGen       total 96768K, used 82535K [0x00000000c0000000, 0x00000000c5e80000, 0x00000000eab00000)
  object space 96768K, 85% used [0x00000000c0000000,0x00000000c5099e90,0x00000000c5e80000)
 Metaspace       used 63641K, committed 64768K, reserved 1114112K
  class space    used 6752K, committed 7232K, reserved 1048576K
}
Event: 30.349 GC heap after
{Heap after GC invocations=56 (full 4):
 PSYoungGen      total 8704K, used 5627K [0x00000000eab00000, 0x00000000ebc00000, 0x0000000100000000)
  eden space 3072K, 0% used [0x00000000eab00000,0x00000000eab00000,0x00000000eae00000)
  from space 5632K, 99% used [0x00000000eb480000,0x00000000eb9fedc0,0x00000000eba00000)
  to   space 6656K, 0% used [0x00000000eae00000,0x00000000eae00000,0x00000000eb480000)
 ParOldGen       total 96768K, used 83297K [0x00000000c0000000, 0x00000000c5e80000, 0x00000000eab00000)
  object space 96768K, 86% used [0x00000000c0000000,0x00000000c5158768,0x00000000c5e80000)
 Metaspace       used 63641K, committed 64768K, reserved 1114112K
  class space    used 6752K, committed 7232K, reserved 1048576K
}
Event: 30.387 GC heap before
{Heap before GC invocations=57 (full 4):
 PSYoungGen      total 8704K, used 8699K [0x00000000eab00000, 0x00000000ebc00000, 0x0000000100000000)
  eden space 3072K, 100% used [0x00000000eab00000,0x00000000eae00000,0x00000000eae00000)
  from space 5632K, 99% used [0x00000000eb480000,0x00000000eb9fedc0,0x00000000eba00000)
  to   space 6656K, 0% used [0x00000000eae00000,0x00000000eae00000,0x00000000eb480000)
 ParOldGen       total 96768K, used 83297K [0x00000000c0000000, 0x00000000c5e80000, 0x00000000eab00000)
  object space 96768K, 86% used [0x00000000c0000000,0x00000000c5158768,0x00000000c5e80000)
 Metaspace       used 63641K, committed 64768K, reserved 1114112K
  class space    used 6752K, committed 7232K, reserved 1048576K
}
Event: 30.393 GC heap after
{Heap after GC invocations=57 (full 4):
 PSYoungGen      total 7680K, used 4463K [0x00000000eab00000, 0x00000000eb900000, 0x0000000100000000)
  eden space 3072K, 0% used [0x00000000eab00000,0x00000000eab00000,0x00000000eae00000)
  from space 4608K, 96% used [0x00000000eae00000,0x00000000eb25bfc8,0x00000000eb280000)
  to   space 5632K, 0% used [0x00000000eb380000,0x00000000eb380000,0x00000000eb900000)
 ParOldGen       total 96768K, used 85571K [0x00000000c0000000, 0x00000000c5e80000, 0x00000000eab00000)
  object space 96768K, 88% used [0x00000000c0000000,0x00000000c5390ff0,0x00000000c5e80000)
 Metaspace       used 63641K, committed 64768K, reserved 1114112K
  class space    used 6752K, committed 7232K, reserved 1048576K
}
Event: 30.463 GC heap before
{Heap before GC invocations=58 (full 4):
 PSYoungGen      total 7680K, used 7535K [0x00000000eab00000, 0x00000000eb900000, 0x0000000100000000)
  eden space 3072K, 100% used [0x00000000eab00000,0x00000000eae00000,0x00000000eae00000)
  from space 4608K, 96% used [0x00000000eae00000,0x00000000eb25bfc8,0x00000000eb280000)
  to   space 5632K, 0% used [0x00000000eb380000,0x00000000eb380000,0x00000000eb900000)
 ParOldGen       total 96768K, used 85571K [0x00000000c0000000, 0x00000000c5e80000, 0x00000000eab00000)
  object space 96768K, 88% used [0x00000000c0000000,0x00000000c5390ff0,0x00000000c5e80000)
 Metaspace       used 63644K, committed 64768K, reserved 1114112K
  class space    used 6752K, committed 7232K, reserved 1048576K
}
Event: 30.470 GC heap after
{Heap after GC invocations=58 (full 4):
 PSYoungGen      total 5632K, used 2207K [0x00000000eab00000, 0x00000000eb600000, 0x0000000100000000)
  eden space 3072K, 0% used [0x00000000eab00000,0x00000000eab00000,0x00000000eae00000)
  from space 2560K, 86% used [0x00000000eb380000,0x00000000eb5a7ec0,0x00000000eb600000)
  to   space 3584K, 0% used [0x00000000eaf00000,0x00000000eaf00000,0x00000000eb280000)
 ParOldGen       total 96768K, used 88956K [0x00000000c0000000, 0x00000000c5e80000, 0x00000000eab00000)
  object space 96768K, 91% used [0x00000000c0000000,0x00000000c56df220,0x00000000c5e80000)
 Metaspace       used 63644K, committed 64768K, reserved 1114112K
  class space    used 6752K, committed 7232K, reserved 1048576K
}
Event: 30.571 GC heap before
{Heap before GC invocations=59 (full 4):
 PSYoungGen      total 5632K, used 5279K [0x00000000eab00000, 0x00000000eb600000, 0x0000000100000000)
  eden space 3072K, 100% used [0x00000000eab00000,0x00000000eae00000,0x00000000eae00000)
  from space 2560K, 86% used [0x00000000eb380000,0x00000000eb5a7ec0,0x00000000eb600000)
  to   space 3584K, 0% used [0x00000000eaf00000,0x00000000eaf00000,0x00000000eb280000)
 ParOldGen       total 96768K, used 88956K [0x00000000c0000000, 0x00000000c5e80000, 0x00000000eab00000)
  object space 96768K, 91% used [0x00000000c0000000,0x00000000c56df220,0x00000000c5e80000)
 Metaspace       used 63645K, committed 64768K, reserved 1114112K
  class space    used 6752K, committed 7232K, reserved 1048576K
}
Event: 30.578 GC heap after
{Heap after GC invocations=59 (full 4):
 PSYoungGen      total 6656K, used 841K [0x00000000eab00000, 0x00000000eb400000, 0x0000000100000000)
  eden space 3072K, 0% used [0x00000000eab00000,0x00000000eab00000,0x00000000eae00000)
  from space 3584K, 23% used [0x00000000eaf00000,0x00000000eafd2740,0x00000000eb280000)
  to   space 1536K, 0% used [0x00000000eb280000,0x00000000eb280000,0x00000000eb400000)
 ParOldGen       total 96768K, used 91093K [0x00000000c0000000, 0x00000000c5e80000, 0x00000000eab00000)
  object space 96768K, 94% used [0x00000000c0000000,0x00000000c58f5590,0x00000000c5e80000)
 Metaspace       used 63645K, committed 64768K, reserved 1114112K
  class space    used 6752K, committed 7232K, reserved 1048576K
}
Event: 30.717 GC heap before
{Heap before GC invocations=60 (full 4):
 PSYoungGen      total 6656K, used 3913K [0x00000000eab00000, 0x00000000eb400000, 0x0000000100000000)
  eden space 3072K, 100% used [0x00000000eab00000,0x00000000eae00000,0x00000000eae00000)
  from space 3584K, 23% used [0x00000000eaf00000,0x00000000eafd2740,0x00000000eb280000)
  to   space 1536K, 0% used [0x00000000eb280000,0x00000000eb280000,0x00000000eb400000)
 ParOldGen       total 96768K, used 91093K [0x00000000c0000000, 0x00000000c5e80000, 0x00000000eab00000)
  object space 96768K, 94% used [0x00000000c0000000,0x00000000c58f5590,0x00000000c5e80000)
 Metaspace       used 63669K, committed 64768K, reserved 1114112K
  class space    used 6752K, committed 7232K, reserved 1048576K
}
Event: 30.721 GC heap after
{Heap after GC invocations=60 (full 4):
 PSYoungGen      total 4096K, used 987K [0x00000000eab00000, 0x00000000eb380000, 0x0000000100000000)
  eden space 3072K, 0% used [0x00000000eab00000,0x00000000eab00000,0x00000000eae00000)
  from space 1024K, 96% used [0x00000000eb280000,0x00000000eb376d18,0x00000000eb380000)
  to   space 1536K, 0% used [0x00000000eb080000,0x00000000eb080000,0x00000000eb200000)
 ParOldGen       total 96768K, used 91782K [0x00000000c0000000, 0x00000000c5e80000, 0x00000000eab00000)
  object space 96768K, 94% used [0x00000000c0000000,0x00000000c59a1ad0,0x00000000c5e80000)
 Metaspace       used 63669K, committed 64768K, reserved 1114112K
  class space    used 6752K, committed 7232K, reserved 1048576K
}
Event: 30.855 GC heap before
{Heap before GC invocations=61 (full 4):
 PSYoungGen      total 4096K, used 4059K [0x00000000eab00000, 0x00000000eb380000, 0x0000000100000000)
  eden space 3072K, 100% used [0x00000000eab00000,0x00000000eae00000,0x00000000eae00000)
  from space 1024K, 96% used [0x00000000eb280000,0x00000000eb376d18,0x00000000eb380000)
  to   space 1536K, 0% used [0x00000000eb080000,0x00000000eb080000,0x00000000eb200000)
 ParOldGen       total 96768K, used 91782K [0x00000000c0000000, 0x00000000c5e80000, 0x00000000eab00000)
  object space 96768K, 94% used [0x00000000c0000000,0x00000000c59a1ad0,0x00000000c5e80000)
 Metaspace       used 63708K, committed 64896K, reserved 1114112K
  class space    used 6756K, committed 7296K, reserved 1048576K
}
Event: 30.860 GC heap after
{Heap after GC invocations=61 (full 4):
 PSYoungGen      total 4608K, used 809K [0x00000000eab00000, 0x00000000eb300000, 0x0000000100000000)
  eden space 3072K, 0% used [0x00000000eab00000,0x00000000eab00000,0x00000000eae00000)
  from space 1536K, 52% used [0x00000000eb080000,0x00000000eb14a5a0,0x00000000eb200000)
  to   space 1024K, 0% used [0x00000000eb200000,0x00000000eb200000,0x00000000eb300000)
 ParOldGen       total 96768K, used 92459K [0x00000000c0000000, 0x00000000c5e80000, 0x00000000eab00000)
  object space 96768K, 95% used [0x00000000c0000000,0x00000000c5a4ada8,0x00000000c5e80000)
 Metaspace       used 63708K, committed 64896K, reserved 1114112K
  class space    used 6756K, committed 7296K, reserved 1048576K
}
Event: 30.918 GC heap before
{Heap before GC invocations=62 (full 4):
 PSYoungGen      total 4608K, used 3881K [0x00000000eab00000, 0x00000000eb300000, 0x0000000100000000)
  eden space 3072K, 100% used [0x00000000eab00000,0x00000000eae00000,0x00000000eae00000)
  from space 1536K, 52% used [0x00000000eb080000,0x00000000eb14a5a0,0x00000000eb200000)
  to   space 1024K, 0% used [0x00000000eb200000,0x00000000eb200000,0x00000000eb300000)
 ParOldGen       total 96768K, used 92459K [0x00000000c0000000, 0x00000000c5e80000, 0x00000000eab00000)
  object space 96768K, 95% used [0x00000000c0000000,0x00000000c5a4ada8,0x00000000c5e80000)
 Metaspace       used 63730K, committed 64896K, reserved 1114112K
  class space    used 6756K, committed 7296K, reserved 1048576K
}
Event: 30.925 GC heap after
{Heap after GC invocations=62 (full 4):
 PSYoungGen      total 4096K, used 1014K [0x00000000eab00000, 0x00000000eb300000, 0x0000000100000000)
  eden space 3072K, 0% used [0x00000000eab00000,0x00000000eab00000,0x00000000eae00000)
  from space 1024K, 99% used [0x00000000eb200000,0x00000000eb2fda48,0x00000000eb300000)
  to   space 1536K, 0% used [0x00000000eb000000,0x00000000eb000000,0x00000000eb180000)
 ParOldGen       total 96768K, used 92750K [0x00000000c0000000, 0x00000000c5e80000, 0x00000000eab00000)
  object space 96768K, 95% used [0x00000000c0000000,0x00000000c5a93930,0x00000000c5e80000)
 Metaspace       used 63730K, committed 64896K, reserved 1114112K
  class space    used 6756K, committed 7296K, reserved 1048576K
}
Event: 31.018 GC heap before
{Heap before GC invocations=63 (full 4):
 PSYoungGen      total 4096K, used 4086K [0x00000000eab00000, 0x00000000eb300000, 0x0000000100000000)
  eden space 3072K, 100% used [0x00000000eab00000,0x00000000eae00000,0x00000000eae00000)
  from space 1024K, 99% used [0x00000000eb200000,0x00000000eb2fda48,0x00000000eb300000)
  to   space 1536K, 0% used [0x00000000eb000000,0x00000000eb000000,0x00000000eb180000)
 ParOldGen       total 96768K, used 92750K [0x00000000c0000000, 0x00000000c5e80000, 0x00000000eab00000)
  object space 96768K, 95% used [0x00000000c0000000,0x00000000c5a93930,0x00000000c5e80000)
 Metaspace       used 63777K, committed 64960K, reserved 1114112K
  class space    used 6757K, committed 7296K, reserved 1048576K
}
Event: 31.026 GC heap after
{Heap after GC invocations=63 (full 4):
 PSYoungGen      total 4608K, used 704K [0x00000000eab00000, 0x00000000eb280000, 0x0000000100000000)
  eden space 3072K, 0% used [0x00000000eab00000,0x00000000eab00000,0x00000000eae00000)
  from space 1536K, 45% used [0x00000000eb000000,0x00000000eb0b0000,0x00000000eb180000)
  to   space 1024K, 0% used [0x00000000eb180000,0x00000000eb180000,0x00000000eb280000)
 ParOldGen       total 96768K, used 93693K [0x00000000c0000000, 0x00000000c5e80000, 0x00000000eab00000)
  object space 96768K, 96% used [0x00000000c0000000,0x00000000c5b7f6c0,0x00000000c5e80000)
 Metaspace       used 63777K, committed 64960K, reserved 1114112K
  class space    used 6757K, committed 7296K, reserved 1048576K
}
Event: 31.091 GC heap before
{Heap before GC invocations=64 (full 4):
 PSYoungGen      total 4608K, used 3776K [0x00000000eab00000, 0x00000000eb280000, 0x0000000100000000)
  eden space 3072K, 100% used [0x00000000eab00000,0x00000000eae00000,0x00000000eae00000)
  from space 1536K, 45% used [0x00000000eb000000,0x00000000eb0b0000,0x00000000eb180000)
  to   space 1024K, 0% used [0x00000000eb180000,0x00000000eb180000,0x00000000eb280000)
 ParOldGen       total 96768K, used 93693K [0x00000000c0000000, 0x00000000c5e80000, 0x00000000eab00000)
  object space 96768K, 96% used [0x00000000c0000000,0x00000000c5b7f6c0,0x00000000c5e80000)
 Metaspace       used 63832K, committed 65024K, reserved 1114112K
  class space    used 6759K, committed 7296K, reserved 1048576K
}
Event: 31.098 GC heap after
{Heap after GC invocations=64 (full 4):
 PSYoungGen      total 4096K, used 736K [0x00000000eab00000, 0x00000000eb280000, 0x0000000100000000)
  eden space 3072K, 0% used [0x00000000eab00000,0x00000000eab00000,0x00000000eae00000)
  from space 1024K, 71% used [0x00000000eb180000,0x00000000eb238000,0x00000000eb280000)
  to   space 1024K, 0% used [0x00000000eb080000,0x00000000eb080000,0x00000000eb180000)
 ParOldGen       total 96768K, used 94225K [0x00000000c0000000, 0x00000000c5e80000, 0x00000000eab00000)
  object space 96768K, 97% used [0x00000000c0000000,0x00000000c5c047f0,0x00000000c5e80000)
 Metaspace       used 63832K, committed 65024K, reserved 1114112K
  class space    used 6759K, committed 7296K, reserved 1048576K
}

